<?xml version="1.0" encoding="UTF-8"?>
<!-- Generated by org.testng.reporters.JUnitReportReporter -->
<testsuite hostname="DESKTOP-JG6PDR6" failures="0" tests="1" name="testngImplementation.CreateOrganizationTest" time="13.416" errors="0" timestamp="2023-05-18T06:10:32 GMT-07:00" skipped="0">
  <testcase classname="testngImplementation.CreateOrganizationTest" name="createOrganizationTest" time="13.416"/>
  <system-out/>
</testsuite> <!-- testngImplementation.CreateOrganizationTest -->
