<?xml version="1.0" encoding="UTF-8"?>
<!-- Generated by org.testng.reporters.JUnitReportReporter -->
<testsuite hostname="DESKTOP-JG6PDR6" failures="0" tests="1" name="testngImplementation.CreateContactWithOrgTest" time="36.868" errors="0" timestamp="2023-05-20T02:07:46 GMT-07:00" skipped="0">
  <testcase classname="testngImplementation.CreateContactWithOrgTest" name="createContactWithOrgTest" time="36.868"/>
  <system-out/>
</testsuite> <!-- testngImplementation.CreateContactWithOrgTest -->
