<?xml version="1.0" encoding="UTF-8"?>
<!-- Generated by org.testng.reporters.JUnitReportReporter -->
<testsuite hostname="DESKTOP-JG6PDR6" failures="0" tests="1" name="testngImplementation.CreateContactsTest" time="36.232" errors="0" timestamp="2023-05-19T04:51:05 GMT-07:00" skipped="0">
  <testcase classname="testngImplementation.CreateContactsTest" name="createContactTest" time="36.232"/>
  <system-out/>
</testsuite> <!-- testngImplementation.CreateContactsTest -->
